<?xml version="1.0" encoding="UTF-8"?>
<!-- Generated by org.testng.reporters.JUnitXMLReporter -->
<testsuite ignored="8" hostname="DESKTOP-VF6R5DT" failures="0" tests="5" name="Default test" time="6.694" errors="0" timestamp="2025-05-02T02:22:16 EET">
  <testcase classname="AutomationFinalProject.AutomationFinalProject.AppTest" name="ChangeWebsiteLanguage" time="0.966"/>
  <testcase classname="AutomationFinalProject.AutomationFinalProject.AppTest" name="ChangeWebsiteLanguage" time="0.696"/>
  <testcase classname="AutomationFinalProject.AutomationFinalProject.AppTest" name="ChangeWebsiteLanguage" time="0.691"/>
  <testcase classname="AutomationFinalProject.AutomationFinalProject.AppTest" name="ChangeWebsiteLanguage" time="0.601"/>
  <testcase classname="AutomationFinalProject.AutomationFinalProject.AppTest" name="ChangeWebsiteLanguage" time="0.651"/>
  <testcase classname="AutomationFinalProject.AutomationFinalProject.AppTest" name="CheckCurrency" time="0.0">
    <ignored/>
  </testcase> <!-- CheckCurrency -->
  <testcase classname="AutomationFinalProject.AutomationFinalProject.AppTest" name="CheckQitafLogo" time="0.0">
    <ignored/>
  </testcase> <!-- CheckQitafLogo -->
  <testcase classname="AutomationFinalProject.AutomationFinalProject.AppTest" name="WelcomPageTapSelectedCheck" time="0.0">
    <ignored/>
  </testcase> <!-- WelcomPageTapSelectedCheck -->
  <testcase classname="AutomationFinalProject.AutomationFinalProject.AppTest" name="CheckContactNumber" time="0.0">
    <ignored/>
  </testcase> <!-- CheckContactNumber -->
  <testcase classname="AutomationFinalProject.AutomationFinalProject.AppTest" name="DepartureDateCheck" time="0.0">
    <ignored/>
  </testcase> <!-- DepartureDateCheck -->
  <testcase classname="AutomationFinalProject.AutomationFinalProject.AppTest" name="StaysTabIsNotSelectedByDefault" time="0.0">
    <ignored/>
  </testcase> <!-- StaysTabIsNotSelectedByDefault -->
  <testcase classname="AutomationFinalProject.AutomationFinalProject.AppTest" name="ReturnDateCheck" time="0.0">
    <ignored/>
  </testcase> <!-- ReturnDateCheck -->
  <testcase classname="AutomationFinalProject.AutomationFinalProject.AppTest" name="CheckWebsiteLanguage" time="0.0">
    <ignored/>
  </testcase> <!-- CheckWebsiteLanguage -->
</testsuite> <!-- Default test -->
