<?xml version="1.0" encoding="UTF-8"?>
<!-- Generated by org.testng.reporters.JUnitXMLReporter -->
<testsuite ignored="0" hostname="DESKTOP-VF6R5DT" failures="0" tests="4" name="Default test" time="3.558" errors="0" timestamp="2025-05-01T03:23:40 EET">
  <testcase classname="AutomationFinalProject.AutomationFinalProject.AppTest" name="CheckWebsiteLanguage" time="0.276"/>
  <testcase classname="AutomationFinalProject.AutomationFinalProject.AppTest" name="CheckCurrency" time="0.086"/>
  <testcase classname="AutomationFinalProject.AutomationFinalProject.AppTest" name="CheckContactNumber" time="0.075"/>
  <testcase classname="AutomationFinalProject.AutomationFinalProject.AppTest" name="CheckQitafLogo" time="0.113"/>
</testsuite> <!-- Default test -->
